[roslaunch][INFO] 2020-05-27 15:25:30,296: roslaunch starting with args ['/opt/ros/kinetic/bin/roslaunch', '--screen', '--skip-log-check', 'simulation_gazebo', 'main.launch', 'gui:=false']
[roslaunch][INFO] 2020-05-27 15:25:30,296: roslaunch env is {'ROS_IPV6': 'on', 'TURTLEBOT_TYPE': 'turtlebot', 'ROS_DISTRO': 'kinetic', 'HUSKY_DESCRIPTION': '/home/simulations/public_sim_ws/src/all/husky/husky/husky_description/urdf/description.xacro', 'NCCL_VERSION': '2.5.6', 'PORT': '4000', 'ROSLISP_PACKAGE_DIRECTORIES': '/home/simulations/public_sim_ws/devel/share/common-lisp', 'CUDA_VERSION': '10.2.89', 'NVM_DIR': '/usr/local/share/shell/.nvm', 'HOME': '/home/user', 'ROS_HOSTNAME': 'rosdscomputer', 'PATH': '/opt/ros/kinetic/share/euslisp/jskeus/eus//Linux64/bin:/home/simulations/public_sim_ws/devel/bin:/opt/ros/kinetic/bin:/opt/ros/kinetic/share/euslisp/jskeus/eus//Linux64/bin:/usr/local/nvidia/bin:/usr/local/cuda/bin:/usr/local/sbin:/usr/local/bin:/usr/sbin:/usr/bin:/sbin:/bin', 'CMAKE_PREFIX_PATH': '/home/simulations/public_sim_ws/devel:/opt/ros/kinetic', 'LD_LIBRARY_PATH': '/opt/ros/kinetic/share/euslisp/jskeus/eus//Linux64/lib:/home/simulations/public_sim_ws/devel/lib:/opt/ros/kinetic/lib:/opt/ros/kinetic/lib/x86_64-linux-gnu:/opt/ros/kinetic/share/euslisp/jskeus/eus//Linux64/lib:/usr/local/nvidia/lib:/usr/local/nvidia/lib64:/usr/lib/x86_64-linux-gnu/gazebo-7/plugins', 'TURTLEBOT_BASE': 'kobuki', 'CUDA_PKG_VERSION': '10-2=10.2.89-1', 'ROS_LOG_FILENAME': '/home/user/.ros/log/4c7ddeec-a02e-11ea-9d17-0a7ac95689f9/roslaunch-rosdscomputer-242.log', 'LIBRARY_PATH': '/usr/local/cuda/lib64/stubs', 'TURTLEBOT_STACKS': 'hexagons', 'SHLVL': '2', 'TURTLEBOT_SIMULATION': 'false', 'ROS_ETC_DIR': '/opt/ros/kinetic/etc/ros', 'DISPLAY': ':1', 'TURTLEBOT_RAPP_PACKAGE_WHITELIST': '[rocon_apps, turtlebot_rapps]', 'TURTLEBOT_SERIAL_PORT': '/dev/kobuki', 'NVIDIA_VISIBLE_DEVICES': 'all', '_': '/usr/bin/stdbuf', 'TURTLEBOT_BATTERY': '/sys/class/power_supply/BAT0', 'CUDNN_VERSION': '7.6.5.32', 'TURTLEBOT_INTERACTIONS_LIST': '[turtlebot_bringup/admin.interactions, turtlebot_bringup/documentation.interactions, turtlebot_bringup/pairing.interactions, turtlebot_bringup/visualisation.interactions]', 'ROS_PYTHON_VERSION': '2', 'TURTLEBOT_RAPP_PACKAGE_BLACKLIST': '[]', 'OGRE_RESOURCE_PATH': '/usr/lib/x86_64-linux-gnu/OGRE-1.9.0', 'EUSDIR': '/opt/ros/kinetic/share/euslisp/jskeus/eus/', 'GAZEBO_MASTER_URI': 'http://localhost:11345', 'PYTHONPATH': '/opt/ros/kinetic/lib/python2.7/dist-packages:/home/simulations/public_sim_ws/devel/lib/python2.7/dist-packages:/home/simulations/public_sim_ws/src/all/ros_basics_examples/python_course_class', 'QT_X11_NO_MITSHM': '1', 'ROS_ROOT': '/opt/ros/kinetic/share/ros', 'ARCHDIR': 'Linux64', 'TURTLEBOT_GAZEBO_MAP_FILE': '/home/simulations/public_sim_ws/src/all/turtlebot/turtlebot_gazebo/maps/playground.yaml', 'PKG_CONFIG_PATH': '/home/simulations/public_sim_ws/devel/lib/pkgconfig:/opt/ros/kinetic/lib/pkgconfig:/opt/ros/kinetic/lib/x86_64-linux-gnu/pkgconfig', 'ROS_PACKAGE_PATH': '/home/simulations/public_sim_ws/src:/opt/ros/kinetic/share', 'GAZEBO_MODEL_PATH': '/home/simulations/public_sim_ws/install/share/osrf_gear/models:/usr/share/gazebo-7/models:/usr/share/gazebo/models', 'NVIDIA_DRIVER_CAPABILITIES': 'compute,utility', 'HUSKY_GAZEBO_DESCRIPTION': '/home/simulations/public_sim_ws/src/all/husky/husky_simulator/husky_gazebo/urdf/description.gazebo.xacro', 'LD_PRELOAD': '/usr/lib/x86_64-linux-gnu/coreutils/libstdbuf.so', '_STDBUF_O': 'L', 'TURTLEBOT_NAME': 'turtlebot', 'NVIDIA_REQUIRE_CUDA': 'cuda>=10.2 brand=tesla,driver>=384,driver<385 brand=tesla,driver>=396,driver<397 brand=tesla,driver>=410,driver<411 brand=tesla,driver>=418,driver<419', '_STDBUF_E': 'L', 'HOSTNAME': 'rosdscomputer', 'GAZEBO_MODEL_DATABASE_URI': 'http://models.gazebosim.org', 'GAZEBO_PLUGIN_PATH': '/usr/lib/x86_64-linux-gnu/gazebo-7/plugins:', 'PWD': '/home/user', 'TURTLEBOT_GAZEBO_WORLD_FILE': '/home/simulations/public_sim_ws/src/all/turtlebot/turtlebot_gazebo/worlds/playground.world', 'ROS_MASTER_URI': 'http://master:11311', 'TURTLEBOT_3D_SENSOR': 'asus_xtion_pro', 'ROS_VERSION': '1', 'GAZEBO_RESOURCE_PATH': '/usr/share/gazebo-7:/usr/share/gazebo:/usr/share/gazebo-9'}
[roslaunch][INFO] 2020-05-27 15:25:30,296: starting in server mode
[roslaunch.parent][INFO] 2020-05-27 15:25:30,296: starting roslaunch parent run
[roslaunch][INFO] 2020-05-27 15:25:30,297: loading roscore config file /opt/ros/kinetic/etc/ros/roscore.xml
[roslaunch][INFO] 2020-05-27 15:25:31,469: Added core node of type [rosout/rosout] in namespace [/]
[roslaunch.config][INFO] 2020-05-27 15:25:31,470: loading config file /home/simulations/public_sim_ws/src/all/simulation_gazebo/simulation_gazebo/launch/main.launch
[roslaunch][INFO] 2020-05-27 15:25:34,335: Added node of type [gazebo_ros/gzserver] in namespace [/]
[roslaunch][INFO] 2020-05-27 15:25:34,342: ... selected machine [] for node of type [gazebo_ros/gzserver]
[roslaunch.pmon][INFO] 2020-05-27 15:25:34,343: start_process_monitor: creating ProcessMonitor
[roslaunch.pmon][INFO] 2020-05-27 15:25:34,343: created process monitor <ProcessMonitor(ProcessMonitor-1, initial daemon)>
[roslaunch.pmon][INFO] 2020-05-27 15:25:34,350: start_process_monitor: ProcessMonitor started
[roslaunch.parent][INFO] 2020-05-27 15:25:34,350: starting parent XML-RPC server
[roslaunch.server][INFO] 2020-05-27 15:25:34,350: starting roslaunch XML-RPC server
[roslaunch.server][INFO] 2020-05-27 15:25:34,350: waiting for roslaunch XML-RPC server to initialize
[xmlrpc][INFO] 2020-05-27 15:25:34,358: XML-RPC server binding to :::0
[xmlrpc][INFO] 2020-05-27 15:25:34,358: binding ipv6 xmlrpc socket to('::', 0)
[xmlrpc][INFO] 2020-05-27 15:25:34,358: bound to ('::', 35651)
[xmlrpc][INFO] 2020-05-27 15:25:34,358: Started XML-RPC server [http://rosdscomputer:35651/]
[xmlrpc][INFO] 2020-05-27 15:25:34,359: xml rpc node: starting XML-RPC server
[roslaunch][INFO] 2020-05-27 15:25:34,367: started roslaunch server http://rosdscomputer:35651/
[roslaunch.parent][INFO] 2020-05-27 15:25:34,367: ... parent XML-RPC server started
[roslaunch][INFO] 2020-05-27 15:25:34,367: master.is_running[http://master:11311]
[roslaunch][INFO] 2020-05-27 15:25:34,368: auto-starting new master
[roslaunch][INFO] 2020-05-27 15:25:34,368: create_master_process: rosmaster, /opt/ros/kinetic/share/ros, 11311, 3, None
[roslaunch][INFO] 2020-05-27 15:25:34,368: process[master]: launching with args [['rosmaster', '--core', '-p', '11311', '-w', '3']]
[roslaunch.pmon][INFO] 2020-05-27 15:25:34,368: ProcessMonitor.register[master]
[roslaunch.pmon][INFO] 2020-05-27 15:25:34,368: ProcessMonitor.register[master] complete
[roslaunch][INFO] 2020-05-27 15:25:34,368: process[master]: starting os process
[roslaunch][INFO] 2020-05-27 15:25:34,369: process[master]: start w/ args [['rosmaster', '--core', '-p', '11311', '-w', '3', '__log:=/home/user/.ros/log/4c7ddeec-a02e-11ea-9d17-0a7ac95689f9/master.log']]
[roslaunch][INFO] 2020-05-27 15:25:34,369: process[master]: cwd will be [/home/user/.ros]
[roslaunch][INFO] 2020-05-27 15:25:34,844: process[master]: started with pid [1056]
[roslaunch][INFO] 2020-05-27 15:25:34,845: master.is_running[http://master:11311]
[roslaunch][INFO] 2020-05-27 15:25:34,950: master.is_running[http://master:11311]
[roslaunch][INFO] 2020-05-27 15:25:35,051: master.is_running[http://master:11311]
[roslaunch][INFO] 2020-05-27 15:25:35,152: master.is_running[http://master:11311]
[roslaunch][INFO] 2020-05-27 15:25:35,253: master.is_running[http://master:11311]
[roslaunch][INFO] 2020-05-27 15:25:35,354: master.is_running[http://master:11311]
[roslaunch][INFO] 2020-05-27 15:25:35,454: master.is_running[http://master:11311]
[roslaunch][INFO] 2020-05-27 15:25:35,456: master.is_running[http://master:11311]
[roslaunch][INFO] 2020-05-27 15:25:35,459: ROS_MASTER_URI=http://master:11311
[roslaunch][INFO] 2020-05-27 15:25:35,461: setting /run_id to 4c7ddeec-a02e-11ea-9d17-0a7ac95689f9
[roslaunch][INFO] 2020-05-27 15:25:35,462: setting /roslaunch/uris/host_rosdscomputer__35651' to http://rosdscomputer:35651/
[roslaunch][INFO] 2020-05-27 15:25:35,465: ... preparing to launch node of type [rosout/rosout]
[roslaunch][INFO] 2020-05-27 15:25:35,465: create_node_process: package[rosout] type[rosout] machine[Machine(name[] env_loader[None] address[localhost] ssh_port[22] user[None] assignable[True] timeout[10.0])] master_uri[http://master:11311]
[roslaunch][INFO] 2020-05-27 15:25:35,465: process[rosout-1]: env[{'ROS_IPV6': 'on', 'TURTLEBOT_TYPE': 'turtlebot', 'HOSTNAME': 'rosdscomputer', 'ROS_DISTRO': 'kinetic', 'HUSKY_DESCRIPTION': '/home/simulations/public_sim_ws/src/all/husky/husky/husky_description/urdf/description.xacro', 'ROS_VERSION': '1', 'TURTLEBOT_SIMULATION': 'false', 'PORT': '4000', 'ROSLISP_PACKAGE_DIRECTORIES': '/home/simulations/public_sim_ws/devel/share/common-lisp', 'CUDA_VERSION': '10.2.89', 'NVM_DIR': '/usr/local/share/shell/.nvm', 'HOME': '/home/user', 'ROS_HOSTNAME': 'rosdscomputer', 'PATH': '/opt/ros/kinetic/share/euslisp/jskeus/eus//Linux64/bin:/home/simulations/public_sim_ws/devel/bin:/opt/ros/kinetic/bin:/opt/ros/kinetic/share/euslisp/jskeus/eus//Linux64/bin:/usr/local/nvidia/bin:/usr/local/cuda/bin:/usr/local/sbin:/usr/local/bin:/usr/sbin:/usr/bin:/sbin:/bin', 'CMAKE_PREFIX_PATH': '/home/simulations/public_sim_ws/devel:/opt/ros/kinetic', 'ROS_LOG_FILENAME': '/home/user/.ros/log/4c7ddeec-a02e-11ea-9d17-0a7ac95689f9/roslaunch-rosdscomputer-242.log', 'GAZEBO_MODEL_PATH': '/home/simulations/public_sim_ws/install/share/osrf_gear/models:/usr/share/gazebo-7/models:/usr/share/gazebo/models', 'NVIDIA_DRIVER_CAPABILITIES': 'compute,utility', 'LIBRARY_PATH': '/usr/local/cuda/lib64/stubs', 'CUDA_PKG_VERSION': '10-2=10.2.89-1', 'SHLVL': '2', 'NCCL_VERSION': '2.5.6', 'LD_LIBRARY_PATH': '/opt/ros/kinetic/share/euslisp/jskeus/eus//Linux64/lib:/home/simulations/public_sim_ws/devel/lib:/opt/ros/kinetic/lib:/opt/ros/kinetic/lib/x86_64-linux-gnu:/opt/ros/kinetic/share/euslisp/jskeus/eus//Linux64/lib:/usr/local/nvidia/lib:/usr/local/nvidia/lib64:/usr/lib/x86_64-linux-gnu/gazebo-7/plugins', 'TURTLEBOT_RAPP_PACKAGE_WHITELIST': '[rocon_apps, turtlebot_rapps]', 'NVIDIA_VISIBLE_DEVICES': 'all', 'HUSKY_GAZEBO_DESCRIPTION': '/home/simulations/public_sim_ws/src/all/husky/husky_simulator/husky_gazebo/urdf/description.gazebo.xacro', 'ROS_MASTER_URI': 'http://master:11311', 'CUDNN_VERSION': '7.6.5.32', 'TURTLEBOT_INTERACTIONS_LIST': '[turtlebot_bringup/admin.interactions, turtlebot_bringup/documentation.interactions, turtlebot_bringup/pairing.interactions, turtlebot_bringup/visualisation.interactions]', 'ROS_PYTHON_VERSION': '2', 'OGRE_RESOURCE_PATH': '/usr/lib/x86_64-linux-gnu/OGRE-1.9.0', 'EUSDIR': '/opt/ros/kinetic/share/euslisp/jskeus/eus/', 'GAZEBO_MASTER_URI': 'http://localhost:11345', 'PYTHONPATH': '/opt/ros/kinetic/lib/python2.7/dist-packages:/home/simulations/public_sim_ws/devel/lib/python2.7/dist-packages:/home/simulations/public_sim_ws/src/all/ros_basics_examples/python_course_class', 'QT_X11_NO_MITSHM': '1', 'TURTLEBOT_SERIAL_PORT': '/dev/kobuki', 'PWD': '/home/user', 'ARCHDIR': 'Linux64', 'TURTLEBOT_GAZEBO_MAP_FILE': '/home/simulations/public_sim_ws/src/all/turtlebot/turtlebot_gazebo/maps/playground.yaml', 'PKG_CONFIG_PATH': '/home/simulations/public_sim_ws/devel/lib/pkgconfig:/opt/ros/kinetic/lib/pkgconfig:/opt/ros/kinetic/lib/x86_64-linux-gnu/pkgconfig', 'ROS_PACKAGE_PATH': '/home/simulations/public_sim_ws/src:/opt/ros/kinetic/share', 'ROS_ROOT': '/opt/ros/kinetic/share/ros', 'TURTLEBOT_BASE': 'kobuki', '_': '/usr/bin/stdbuf', 'LD_PRELOAD': '/usr/lib/x86_64-linux-gnu/coreutils/libstdbuf.so', '_STDBUF_O': 'L', 'TURTLEBOT_NAME': 'turtlebot', 'DISPLAY': ':1', 'NVIDIA_REQUIRE_CUDA': 'cuda>=10.2 brand=tesla,driver>=384,driver<385 brand=tesla,driver>=396,driver<397 brand=tesla,driver>=410,driver<411 brand=tesla,driver>=418,driver<419', '_STDBUF_E': 'L', 'TURTLEBOT_STACKS': 'hexagons', 'GAZEBO_MODEL_DATABASE_URI': 'http://models.gazebosim.org', 'GAZEBO_PLUGIN_PATH': '/usr/lib/x86_64-linux-gnu/gazebo-7/plugins:', 'TURTLEBOT_BATTERY': '/sys/class/power_supply/BAT0', 'TURTLEBOT_GAZEBO_WORLD_FILE': '/home/simulations/public_sim_ws/src/all/turtlebot/turtlebot_gazebo/worlds/playground.world', 'ROS_ETC_DIR': '/opt/ros/kinetic/etc/ros', 'TURTLEBOT_3D_SENSOR': 'asus_xtion_pro', 'TURTLEBOT_RAPP_PACKAGE_BLACKLIST': '[]', 'GAZEBO_RESOURCE_PATH': '/usr/share/gazebo-7:/usr/share/gazebo:/usr/share/gazebo-9'}]
[roslaunch][INFO] 2020-05-27 15:25:36,343: process[rosout-1]: args[[u'/opt/ros/kinetic/lib/rosout/rosout', u'__name:=rosout']]
[roslaunch][INFO] 2020-05-27 15:25:36,343: ... created process [rosout-1]
[roslaunch.pmon][INFO] 2020-05-27 15:25:36,343: ProcessMonitor.register[rosout-1]
[roslaunch.pmon][INFO] 2020-05-27 15:25:36,343: ProcessMonitor.register[rosout-1] complete
[roslaunch][INFO] 2020-05-27 15:25:36,343: ... registered process [rosout-1]
[roslaunch][INFO] 2020-05-27 15:25:36,344: process[rosout-1]: starting os process
[roslaunch][INFO] 2020-05-27 15:25:36,344: process[rosout-1]: start w/ args [[u'/opt/ros/kinetic/lib/rosout/rosout', u'__name:=rosout', u'__log:=/home/user/.ros/log/4c7ddeec-a02e-11ea-9d17-0a7ac95689f9/rosout-1.log']]
[roslaunch][INFO] 2020-05-27 15:25:36,344: process[rosout-1]: cwd will be [/home/user/.ros]
[roslaunch][INFO] 2020-05-27 15:25:36,712: process[rosout-1]: started with pid [1097]
[roslaunch][INFO] 2020-05-27 15:25:36,713: ... successfully launched [rosout-1]
[roslaunch][INFO] 2020-05-27 15:25:36,713: load_parameters starting ...
[roslaunch][INFO] 2020-05-27 15:25:36,725: ... load_parameters complete
[roslaunch][INFO] 2020-05-27 15:25:36,725: launch_nodes: launching local nodes ...
[roslaunch][INFO] 2020-05-27 15:25:36,725: ... preparing to launch node of type [gazebo_ros/gzserver]
[roslaunch][INFO] 2020-05-27 15:25:36,726: create_node_process: package[gazebo_ros] type[gzserver] machine[Machine(name[] env_loader[None] address[localhost] ssh_port[22] user[None] assignable[True] timeout[10.0])] master_uri[http://master:11311]
[roslaunch][INFO] 2020-05-27 15:25:36,726: process[gazebo-2]: env[{'ROS_IPV6': 'on', 'TURTLEBOT_TYPE': 'turtlebot', 'HOSTNAME': 'rosdscomputer', 'ROS_DISTRO': 'kinetic', 'HUSKY_DESCRIPTION': '/home/simulations/public_sim_ws/src/all/husky/husky/husky_description/urdf/description.xacro', 'ROS_VERSION': '1', 'TURTLEBOT_SIMULATION': 'false', 'PORT': '4000', 'ROSLISP_PACKAGE_DIRECTORIES': '/home/simulations/public_sim_ws/devel/share/common-lisp', 'CUDA_VERSION': '10.2.89', 'NVM_DIR': '/usr/local/share/shell/.nvm', 'HOME': '/home/user', 'ROS_HOSTNAME': 'rosdscomputer', 'PATH': '/opt/ros/kinetic/share/euslisp/jskeus/eus//Linux64/bin:/home/simulations/public_sim_ws/devel/bin:/opt/ros/kinetic/bin:/opt/ros/kinetic/share/euslisp/jskeus/eus//Linux64/bin:/usr/local/nvidia/bin:/usr/local/cuda/bin:/usr/local/sbin:/usr/local/bin:/usr/sbin:/usr/bin:/sbin:/bin', 'CMAKE_PREFIX_PATH': '/home/simulations/public_sim_ws/devel:/opt/ros/kinetic', 'ROS_LOG_FILENAME': '/home/user/.ros/log/4c7ddeec-a02e-11ea-9d17-0a7ac95689f9/roslaunch-rosdscomputer-242.log', 'GAZEBO_MODEL_PATH': u'/home/simulations/public_sim_ws/src/all/simulation_gazebo/simulation_gazebo/models:/home/simulations/public_sim_ws/install/share/osrf_gear/models:/usr/share/gazebo-7/models:/usr/share/gazebo/models', 'NVIDIA_DRIVER_CAPABILITIES': 'compute,utility', 'LIBRARY_PATH': '/usr/local/cuda/lib64/stubs', 'CUDA_PKG_VERSION': '10-2=10.2.89-1', 'SHLVL': '2', 'NCCL_VERSION': '2.5.6', 'LD_LIBRARY_PATH': '/opt/ros/kinetic/share/euslisp/jskeus/eus//Linux64/lib:/home/simulations/public_sim_ws/devel/lib:/opt/ros/kinetic/lib:/opt/ros/kinetic/lib/x86_64-linux-gnu:/opt/ros/kinetic/share/euslisp/jskeus/eus//Linux64/lib:/usr/local/nvidia/lib:/usr/local/nvidia/lib64:/usr/lib/x86_64-linux-gnu/gazebo-7/plugins', 'TURTLEBOT_RAPP_PACKAGE_WHITELIST': '[rocon_apps, turtlebot_rapps]', 'NVIDIA_VISIBLE_DEVICES': 'all', 'HUSKY_GAZEBO_DESCRIPTION': '/home/simulations/public_sim_ws/src/all/husky/husky_simulator/husky_gazebo/urdf/description.gazebo.xacro', 'ROS_MASTER_URI': 'http://master:11311', 'CUDNN_VERSION': '7.6.5.32', 'TURTLEBOT_INTERACTIONS_LIST': '[turtlebot_bringup/admin.interactions, turtlebot_bringup/documentation.interactions, turtlebot_bringup/pairing.interactions, turtlebot_bringup/visualisation.interactions]', 'ROS_PYTHON_VERSION': '2', 'OGRE_RESOURCE_PATH': '/usr/lib/x86_64-linux-gnu/OGRE-1.9.0', 'EUSDIR': '/opt/ros/kinetic/share/euslisp/jskeus/eus/', 'GAZEBO_MASTER_URI': 'http://localhost:11345', 'PYTHONPATH': '/opt/ros/kinetic/lib/python2.7/dist-packages:/home/simulations/public_sim_ws/devel/lib/python2.7/dist-packages:/home/simulations/public_sim_ws/src/all/ros_basics_examples/python_course_class', 'QT_X11_NO_MITSHM': '1', 'TURTLEBOT_SERIAL_PORT': '/dev/kobuki', 'PWD': '/home/user', 'ARCHDIR': 'Linux64', 'TURTLEBOT_GAZEBO_MAP_FILE': '/home/simulations/public_sim_ws/src/all/turtlebot/turtlebot_gazebo/maps/playground.yaml', 'PKG_CONFIG_PATH': '/home/simulations/public_sim_ws/devel/lib/pkgconfig:/opt/ros/kinetic/lib/pkgconfig:/opt/ros/kinetic/lib/x86_64-linux-gnu/pkgconfig', 'ROS_PACKAGE_PATH': '/home/simulations/public_sim_ws/src:/opt/ros/kinetic/share', 'ROS_ROOT': '/opt/ros/kinetic/share/ros', 'TURTLEBOT_BASE': 'kobuki', '_': '/usr/bin/stdbuf', 'LD_PRELOAD': '/usr/lib/x86_64-linux-gnu/coreutils/libstdbuf.so', '_STDBUF_O': 'L', 'TURTLEBOT_NAME': 'turtlebot', 'DISPLAY': ':1', 'NVIDIA_REQUIRE_CUDA': 'cuda>=10.2 brand=tesla,driver>=384,driver<385 brand=tesla,driver>=396,driver<397 brand=tesla,driver>=410,driver<411 brand=tesla,driver>=418,driver<419', '_STDBUF_E': 'L', 'TURTLEBOT_STACKS': 'hexagons', 'GAZEBO_MODEL_DATABASE_URI': 'http://models.gazebosim.org', 'GAZEBO_PLUGIN_PATH': '/usr/lib/x86_64-linux-gnu/gazebo-7/plugins:', 'TURTLEBOT_BATTERY': '/sys/class/power_supply/BAT0', 'TURTLEBOT_GAZEBO_WORLD_FILE': '/home/simulations/public_sim_ws/src/all/turtlebot/turtlebot_gazebo/worlds/playground.world', 'ROS_ETC_DIR': '/opt/ros/kinetic/etc/ros', 'TURTLEBOT_3D_SENSOR': 'asus_xtion_pro', 'TURTLEBOT_RAPP_PACKAGE_BLACKLIST': '[]', 'GAZEBO_RESOURCE_PATH': '/usr/share/gazebo-7:/usr/share/gazebo:/usr/share/gazebo-9'}]
[roslaunch][INFO] 2020-05-27 15:25:36,728: process[gazebo-2]: args[[u'/opt/ros/kinetic/lib/gazebo_ros/gzserver', '-e', 'ode', '/home/simulations/public_sim_ws/src/all/simulation_gazebo/simulation_gazebo/worlds/model.world', u'__name:=gazebo']]
[roslaunch][INFO] 2020-05-27 15:25:36,729: ... created process [gazebo-2]
[roslaunch.pmon][INFO] 2020-05-27 15:25:36,730: ProcessMonitor.register[gazebo-2]
[roslaunch.pmon][INFO] 2020-05-27 15:25:36,730: ProcessMonitor.register[gazebo-2] complete
[roslaunch][INFO] 2020-05-27 15:25:36,730: ... registered process [gazebo-2]
[roslaunch][INFO] 2020-05-27 15:25:36,730: process[gazebo-2]: starting os process
[roslaunch][INFO] 2020-05-27 15:25:36,730: process[gazebo-2]: start w/ args [[u'/opt/ros/kinetic/lib/gazebo_ros/gzserver', '-e', 'ode', '/home/simulations/public_sim_ws/src/all/simulation_gazebo/simulation_gazebo/worlds/model.world', u'__name:=gazebo', u'__log:=/home/user/.ros/log/4c7ddeec-a02e-11ea-9d17-0a7ac95689f9/gazebo-2.log']]
[roslaunch][INFO] 2020-05-27 15:25:36,730: process[gazebo-2]: cwd will be [/home/user/.ros]
[roslaunch][INFO] 2020-05-27 15:25:37,157: process[gazebo-2]: started with pid [1118]
[roslaunch][INFO] 2020-05-27 15:25:37,157: ... successfully launched [gazebo-2]
[roslaunch][INFO] 2020-05-27 15:25:37,157: ... launch_nodes complete
[roslaunch.pmon][INFO] 2020-05-27 15:25:37,157: registrations completed <ProcessMonitor(ProcessMonitor-1, started daemon 139998197524224)>
[roslaunch.parent][INFO] 2020-05-27 15:25:37,157: ... roslaunch parent running, waiting for process exit
[roslaunch][INFO] 2020-05-27 15:25:37,158: spin
